warning: Git tree '/home/delicate/nixos-config' is dirty
building the system configuration...
warning: Git tree '/home/delicate/nixos-config' is dirty
evaluation warning: The option `services.avahi.nssmdns' defined in `/nix/store/z2jxzhrqalaw8iv32qipgm7hikknyir0-source/hosts/delicate/configuration.nix' has been renamed to `services.avahi.nssmdns4'.
evaluation warning: The option `services.samba.shares' defined in `/nix/store/z2jxzhrqalaw8iv32qipgm7hikknyir0-source/hosts/delicate/configuration.nix' has been renamed to `services.samba.settings'.
evaluation warning: The option `services.samba.securityType' defined in `/nix/store/z2jxzhrqalaw8iv32qipgm7hikknyir0-source/hosts/delicate/configuration.nix' has been renamed to `services.samba.settings.global.security'.
these 6 derivations will be built:
  /nix/store/iy4ciac1vyxykg1yp6kcsqyy21qxjqgw-nixos.conf.drv
  /nix/store/q4wql6v1aqdn04r99y71ffrrq7yw6a7z-X-Restart-Triggers-systemd-modules-load.drv
  /nix/store/8cr7l0gmj9rm5l13jvy99vscgls8njp9-unit-systemd-modules-load.service.drv
  /nix/store/p932kl4bixvnj6s4gmm19p21k5v2a0hd-system-units.drv
  /nix/store/30vhxp5vs11abs6vl2f7wx3zrbcii6qr-etc.drv
  /nix/store/vzbz35i6kd2j0k335fbwamqfj381h6s5-nixos-system-delicate-25.11.20251228.9ef2612.drv
building '/nix/store/iy4ciac1vyxykg1yp6kcsqyy21qxjqgw-nixos.conf.drv'...
building '/nix/store/q4wql6v1aqdn04r99y71ffrrq7yw6a7z-X-Restart-Triggers-systemd-modules-load.drv'...
building '/nix/store/8cr7l0gmj9rm5l13jvy99vscgls8njp9-unit-systemd-modules-load.service.drv'...
building '/nix/store/p932kl4bixvnj6s4gmm19p21k5v2a0hd-system-units.drv'...
building '/nix/store/30vhxp5vs11abs6vl2f7wx3zrbcii6qr-etc.drv'...
building '/nix/store/vzbz35i6kd2j0k335fbwamqfj381h6s5-nixos-system-delicate-25.11.20251228.9ef2612.drv'...
updating GRUB 2 menu...
Warning: os-prober will be executed to detect other bootable partitions.
Its output will be used to detect bootable binaries on them and create new boot entries.
lsblk: /dev/mapper/no*[0-9]: not a block device
lsblk: /dev/mapper/raid*[0-9]: not a block device
lsblk: /dev/mapper/disks*[0-9]: not a block device
stopping the following units: systemd-modules-load.service
activating the configuration...
setting up /etc...
reloading user units for delicate...
restarting sysinit-reactivation.target
starting the following units: systemd-modules-load.service
the following new units were started: NetworkManager-dispatcher.service, sysinit-reactivation.target, systemd-tmpfiles-resetup.service
Done. The new configuration is /nix/store/afsx81jzncf7f1igc83lapn3f37vxd5k-nixos-system-delicate-25.11.20251228.9ef2612
